  fs.cpp
d:\vsproject\fs\fs\fs.cpp(46): warning C4018: “<”: 有符号/无符号不匹配
d:\vsproject\fs\fs\fs.cpp(491): warning C4018: “<”: 有符号/无符号不匹配
d:\vsproject\fs\fs\fs.cpp(610): warning C4018: “<”: 有符号/无符号不匹配
d:\vsproject\fs\fs\fs.cpp(615): warning C4018: “<”: 有符号/无符号不匹配
d:\vsproject\fs\fs\fs.cpp(792): warning C4018: “<”: 有符号/无符号不匹配
d:\vsproject\fs\fs\fs.cpp(837): warning C4018: “<”: 有符号/无符号不匹配
d:\vsproject\fs\fs\fs.cpp(843): warning C4018: “<”: 有符号/无符号不匹配
d:\vsproject\fs\fs\fs.cpp(856): warning C4018: “<”: 有符号/无符号不匹配
d:\vsproject\fs\fs\fs.cpp(862): warning C4018: “<”: 有符号/无符号不匹配
d:\vsproject\fs\fs\fs.cpp(868): warning C4018: “<”: 有符号/无符号不匹配
d:\vsproject\fs\fs\fs.cpp(875): warning C4018: “<”: 有符号/无符号不匹配
d:\vsproject\fs\fs\fs.cpp(993): warning C4018: “<”: 有符号/无符号不匹配
d:\vsproject\fs\fs\fs.cpp(999): warning C4018: “<”: 有符号/无符号不匹配
d:\vsproject\fs\fs\fs.cpp(1064): warning C4018: “<”: 有符号/无符号不匹配
d:\vsproject\fs\fs\fs.cpp(1070): warning C4018: “<”: 有符号/无符号不匹配
d:\vsproject\fs\fs\fs.cpp(1103): warning C4018: “<”: 有符号/无符号不匹配
d:\vsproject\fs\fs\fs.cpp(1109): warning C4018: “<”: 有符号/无符号不匹配
d:\vsproject\fs\fs\fs.cpp(1122): warning C4018: “<”: 有符号/无符号不匹配
d:\vsproject\fs\fs\fs.cpp(1129): warning C4018: “<”: 有符号/无符号不匹配
d:\vsproject\fs\fs\fs.cpp(1163): warning C4018: “<”: 有符号/无符号不匹配
d:\vsproject\fs\fs\fs.cpp(1169): warning C4018: “<”: 有符号/无符号不匹配
d:\vsproject\fs\fs\fs.cpp(1252): warning C4018: “<”: 有符号/无符号不匹配
d:\vsproject\fs\fs\fs.cpp(1266): warning C4018: “<”: 有符号/无符号不匹配
d:\vsproject\fs\fs\fs.cpp(1346): warning C4018: “<”: 有符号/无符号不匹配
d:\vsproject\fs\fs\fs.cpp(1360): warning C4018: “<”: 有符号/无符号不匹配
d:\vsproject\fs\fs\fs.cpp(1478): warning C4018: “<”: 有符号/无符号不匹配
d:\vsproject\fs\fs\fs.cpp(1642): warning C4018: “<”: 有符号/无符号不匹配
d:\vsproject\fs\fs\fs.cpp(1647): warning C4018: “<”: 有符号/无符号不匹配
d:\vsproject\fs\fs\fs.cpp(1735): warning C4018: “<”: 有符号/无符号不匹配
d:\vsproject\fs\fs\fs.cpp(1740): warning C4018: “<”: 有符号/无符号不匹配
d:\vsproject\fs\fs\fs.cpp(1750): warning C4018: “<”: 有符号/无符号不匹配
d:\vsproject\fs\fs\fs.cpp(1852): warning C4018: “<”: 有符号/无符号不匹配
d:\vsproject\fs\fs\fs.cpp(1857): warning C4018: “<”: 有符号/无符号不匹配
d:\vsproject\fs\fs\fs.cpp(2000): warning C4018: “<”: 有符号/无符号不匹配
d:\vsproject\fs\fs\fs.cpp(2006): warning C4018: “<”: 有符号/无符号不匹配
d:\vsproject\fs\fs\fs.cpp(2375): warning C4018: “<”: 有符号/无符号不匹配
d:\vsproject\fs\fs\fs.cpp(2389): warning C4018: “<”: 有符号/无符号不匹配
d:\vsproject\fs\fs\fs.cpp(573): warning C4715: “mkdir”: 不是所有的控件路径都返回值
d:\vsproject\fs\fs\fs.cpp(1425): warning C4715: “getnamebyID”: 不是所有的控件路径都返回值
d:\vsproject\fs\fs\fs.cpp(1231): warning C4715: “writeblock_exist”: 不是所有的控件路径都返回值
d:\vsproject\fs\fs\fs.cpp(1318): warning C4172: 返回局部变量或临时变量的地址: name
d:\vsproject\fs\fs\fs.cpp(1411): warning C4172: 返回局部变量或临时变量的地址: name
d:\vsproject\fs\fs\fs.cpp(934): warning C4715: “writeblock”: 不是所有的控件路径都返回值
d:\vsproject\fs\fs\fs.cpp(2351): warning C4715: “chmod”: 不是所有的控件路径都返回值
d:\vsproject\fs\fs\fs.cpp(2546): warning C4715: “check”: 不是所有的控件路径都返回值
  fs.vcxproj -> D:\VSproject\fs\Debug\fs.exe
